<?xml version="1.0" encoding="UTF-8"?>
<!-- Generated by org.testng.reporters.JUnitReportReporter -->
<testsuite hostname="GemmeyLaptop" failures="0" tests="5" name="mdi_automation_task.test_runners.Runners" time="39.573" errors="0" timestamp="2023-07-19T20:30:52 EET" skipped="0">
  <testcase classname="mdi_automation_task.test_runners.Runners" name="runScenario" time="5.752"/>
  <testcase classname="mdi_automation_task.test_runners.Runners" name="runScenario" time="15.019"/>
  <testcase classname="mdi_automation_task.test_runners.Runners" name="runScenario" time="5.807"/>
  <testcase classname="mdi_automation_task.test_runners.Runners" name="runScenario" time="5.873"/>
  <testcase classname="mdi_automation_task.test_runners.Runners" name="runScenario" time="7.122"/>
</testsuite> <!-- mdi_automation_task.test_runners.Runners -->
