<?xml version="1.0" encoding="UTF-8"?>
<!-- Generated by org.testng.reporters.JUnitReportReporter -->
<testsuite hostname="GemmeyLaptop" failures="0" tests="5" name="mdi_automation_task.test_runners.Runners" time="40.772" errors="0" timestamp="2023-07-20T12:08:13 EET" skipped="0">
  <testcase classname="mdi_automation_task.test_runners.Runners" name="runScenario" time="5.697"/>
  <testcase classname="mdi_automation_task.test_runners.Runners" name="runScenario" time="15.827"/>
  <testcase classname="mdi_automation_task.test_runners.Runners" name="runScenario" time="5.662"/>
  <testcase classname="mdi_automation_task.test_runners.Runners" name="runScenario" time="8.033"/>
  <testcase classname="mdi_automation_task.test_runners.Runners" name="runScenario" time="5.553"/>
</testsuite> <!-- mdi_automation_task.test_runners.Runners -->
